<?xml version="1.0" encoding="UTF-8" ?>
<testsuite errors="0" failures="0" hostname="Guobaos-MacBook-Pro.local" name="edu.umn.csci5801.testing.GRADSTestDriver" skipped="0" tests="36" time="0.348" timestamp="2014-12-14T02:36:07">
  <properties>
    <property name="java.vendor" value="Oracle Corporation" />
    <property name="sun.java.launcher" value="SUN_STANDARD" />
    <property name="env.XPC_SERVICE_NAME" value="0" />
    <property name="sun.management.compiler" value="HotSpot 64-Bit Tiered Compilers" />
    <property name="os.name" value="Mac OS X" />
    <property name="sun.boot.class.path" value="/Library/Java/JavaVirtualMachines/jdk1.8.0.jdk/Contents/Home/jre/lib/resources.jar:/Library/Java/JavaVirtualMachines/jdk1.8.0.jdk/Contents/Home/jre/lib/rt.jar:/Library/Java/JavaVirtualMachines/jdk1.8.0.jdk/Contents/Home/jre/lib/sunrsasign.jar:/Library/Java/JavaVirtualMachines/jdk1.8.0.jdk/Contents/Home/jre/lib/jsse.jar:/Library/Java/JavaVirtualMachines/jdk1.8.0.jdk/Contents/Home/jre/lib/jce.jar:/Library/Java/JavaVirtualMachines/jdk1.8.0.jdk/Contents/Home/jre/lib/charsets.jar:/Library/Java/JavaVirtualMachines/jdk1.8.0.jdk/Contents/Home/jre/lib/jfr.jar:/Library/Java/JavaVirtualMachines/jdk1.8.0.jdk/Contents/Home/jre/classes" />
    <property name="env.TMPDIR" value="/var/folders/ln/fb97kd591xd0f9rnqx2vp5zm0000gn/T/" />
    <property name="env.PWD" value="/Users/gsun/Desktop/GRADS" />
    <property name="env.LANG" value="en_US.UTF-8" />
    <property name="java.vm.specification.vendor" value="Oracle Corporation" />
    <property name="ant.home" value="/usr/local/Cellar/ant/1.9.4/libexec" />
    <property name="java.runtime.version" value="1.8.0-b132" />
    <property name="env.Apple_PubSub_Socket_Render" value="/private/tmp/com.apple.launchd.IelQzHb7uW/Render" />
    <property name="env.DISPLAY" value="/private/tmp/com.apple.launchd.d0TzqviURr/org.macosforge.xquartz:0" />
    <property name="env.JAVA_MAIN_CLASS_992" value="org.apache.tools.ant.launch.Launcher" />
    <property name="user.name" value="gsun" />
    <property name="env.USER" value="gsun" />
    <property name="env.SHELL" value="/bin/bash" />
    <property name="env.__CF_USER_TEXT_ENCODING" value="0x1F5:0x0:0x0" />
    <property name="env.PATH" value="/Library/Frameworks/Python.framework/Versions/3.4/bin:/usr/bin/:/usr/local/bin:/usr/bin:/bin:/usr/sbin:/sbin:/opt/X11/bin:/usr/texbin" />
    <property name="ant.file.type.GRADS" value="file" />
    <property name="user.language" value="en" />
    <property name="sun.boot.library.path" value="/Library/Java/JavaVirtualMachines/jdk1.8.0.jdk/Contents/Home/jre/lib" />
    <property name="ant.project.default-target" value="build" />
    <property name="env.XPC_FLAGS" value="0x0" />
    <property name="ant.file.GRADS" value="/Users/gsun/Desktop/GRADS/build.xml" />
    <property name="ant.project.name" value="GRADS" />
    <property name="java.version" value="1.8.0" />
    <property name="user.timezone" value="America/Chicago" />
    <property name="sun.arch.data.model" value="64" />
    <property name="http.nonProxyHosts" value="local|*.local|169.254/16|*.169.254/16" />
    <property name="java.endorsed.dirs" value="/Library/Java/JavaVirtualMachines/jdk1.8.0.jdk/Contents/Home/jre/lib/endorsed" />
    <property name="sun.cpu.isalist" value="" />
    <property name="sun.jnu.encoding" value="UTF-8" />
    <property name="file.encoding.pkg" value="sun.io" />
    <property name="env.SHLVL" value="1" />
    <property name="ECLIPSE_HOME" value="../../eclipse" />
    <property name="file.separator" value="/" />
    <property name="java.specification.name" value="Java Platform API Specification" />
    <property name="java.class.version" value="52.0" />
    <property name="user.country" value="US" />
    <property name="java.home" value="/Library/Java/JavaVirtualMachines/jdk1.8.0.jdk/Contents/Home/jre" />
    <property name="java.vm.info" value="mixed mode" />
    <property name="env.LOGNAME" value="gsun" />
    <property name="ant.file" value="/Users/gsun/Desktop/GRADS/build.xml" />
    <property name="os.version" value="10.10.1" />
    <property name="env.TERM_PROGRAM_VERSION" value="343" />
    <property name="path.separator" value=":" />
    <property name="java.vm.version" value="25.0-b70" />
    <property name="ant.library.dir" value="/usr/local/Cellar/ant/1.9.4/libexec/lib" />
    <property name="junit.output.dir" value="junit" />
    <property name="java.awt.printerjob" value="sun.lwawt.macosx.CPrinterJob" />
    <property name="env.TERM" value="xterm-256color" />
    <property name="sun.io.unicode.encoding" value="UnicodeBig" />
    <property name="awt.toolkit" value="sun.lwawt.macosx.LWCToolkit" />
    <property name="socksNonProxyHosts" value="local|*.local|169.254/16|*.169.254/16" />
    <property name="ftp.nonProxyHosts" value="local|*.local|169.254/16|*.169.254/16" />
    <property name="user.home" value="/Users/gsun" />
    <property name="target" value="1.6" />
    <property name="java.specification.vendor" value="Oracle Corporation" />
    <property name="env.TERM_PROGRAM" value="Apple_Terminal" />
    <property name="java.library.path" value="/Users/gsun/Library/Java/Extensions:/Library/Java/Extensions:/Network/Library/Java/Extensions:/System/Library/Java/Extensions:/usr/lib/java:." />
    <property name="java.vendor.url" value="http://java.oracle.com/" />
    <property name="java.vm.vendor" value="Oracle Corporation" />
    <property name="gopherProxySet" value="false" />
    <property name="java.runtime.name" value="Java(TM) SE Runtime Environment" />
    <property name="sun.java.command" value="org.apache.tools.ant.taskdefs.optional.junit.JUnitTestRunner edu.umn.csci5801.testing.GRADSTestDriver skipNonTests=false filtertrace=true haltOnError=false haltOnFailure=false formatter=org.apache.tools.ant.taskdefs.optional.junit.OutErrSummaryJUnitResultFormatter showoutput=false outputtoformatters=true logfailedtests=true threadid=0 logtestlistenerevents=false formatter=org.apache.tools.ant.taskdefs.optional.junit.XMLJUnitResultFormatter,/Users/gsun/Desktop/GRADS/junit/TEST-edu.umn.csci5801.testing.GRADSTestDriver.xml crashfile=/Users/gsun/Desktop/GRADS/junitvmwatcher5004173585341956835.properties propsfile=/Users/gsun/Desktop/GRADS/junit4840475942984838473.properties" />
    <property name="java.class.path" value="/Users/gsun/Desktop/GRADS/bin:/Users/gsun/Desktop/GRADS/lib/gson-2.3.1.jar:/Users/gsun/Desktop/GRADS/lib/junit.jar:/Users/gsun/Desktop/GRADS/lib/org.hamcrest.core_1.3.0.v201303031735.jar:/usr/local/Cellar/ant/1.9.4/libexec/lib/ant-launcher.jar:/usr/local/Cellar/ant/1.9.4/libexec/lib/ant.jar:/usr/local/Cellar/ant/1.9.4/libexec/lib/ant-junit.jar:/usr/local/Cellar/ant/1.9.4/libexec/lib/ant-junit4.jar" />
    <property name="ant.version" value="Apache Ant(TM) version 1.9.4 compiled on April 29 2014" />
    <property name="env.TERM_SESSION_ID" value="AFA7577B-CEF1-49EE-AFFF-C90127C058E6" />
    <property name="java.vm.specification.name" value="Java Virtual Machine Specification" />
    <property name="ant.file.type" value="file" />
    <property name="java.vm.specification.version" value="1.8" />
    <property name="sun.os.patch.level" value="unknown" />
    <property name="sun.cpu.endian" value="little" />
    <property name="env.HOME" value="/Users/gsun" />
    <property name="debuglevel" value="source,lines,vars" />
    <property name="java.io.tmpdir" value="/var/folders/ln/fb97kd591xd0f9rnqx2vp5zm0000gn/T/" />
    <property name="java.vendor.url.bug" value="http://bugreport.sun.com/bugreport/" />
    <property name="env.SSH_AUTH_SOCK" value="/private/tmp/com.apple.launchd.MOxzhbDYOH/Listeners" />
    <property name="java.awt.graphicsenv" value="sun.awt.CGraphicsEnvironment" />
    <property name="os.arch" value="x86_64" />
    <property name="java.ext.dirs" value="/Users/gsun/Library/Java/Extensions:/Library/Java/JavaVirtualMachines/jdk1.8.0.jdk/Contents/Home/jre/lib/ext:/Library/Java/Extensions:/Network/Library/Java/Extensions:/System/Library/Java/Extensions:/usr/lib/java" />
    <property name="user.dir" value="/Users/gsun/Desktop/GRADS" />
    <property name="line.separator" value="&#xa;" />
    <property name="java.vm.name" value="Java HotSpot(TM) 64-Bit Server VM" />
    <property name="basedir" value="/Users/gsun/Desktop/GRADS" />
    <property name="ant.java.version" value="1.8" />
    <property name="ant.core.lib" value="/usr/local/Cellar/ant/1.9.4/libexec/lib/ant.jar" />
    <property name="source" value="1.6" />
    <property name="file.encoding" value="UTF-8" />
    <property name="java.specification.version" value="1.8" />
    <property name="ant.project.invoked-targets" value="GRADSTestDriver" />
  </properties>
  <testcase classname="edu.umn.csci5801.testing.GRADSTestDriver" name="testGetStudentIDsGPCUser" time="0.062" />
  <testcase classname="edu.umn.csci5801.testing.GRADSTestDriver" name="checkNoCourseImpact" time="0.01" />
  <testcase classname="edu.umn.csci5801.testing.GRADSTestDriver" name="testGetTranscriptStudent" time="0.019" />
  <testcase classname="edu.umn.csci5801.testing.GRADSTestDriver" name="testGenerateProgressSummaryPHDStudentUser" time="0.017" />
  <testcase classname="edu.umn.csci5801.testing.GRADSTestDriver" name="testAddNote" time="0.022" />
  <testcase classname="edu.umn.csci5801.testing.GRADSTestDriver" name="testGenerateProgressSummaryMS_BStudent" time="0.018" />
  <testcase classname="edu.umn.csci5801.testing.GRADSTestDriver" name="checkMultipleCourseImpact" time="0.005" />
  <testcase classname="edu.umn.csci5801.testing.GRADSTestDriver" name="testLoadCoursesException" time="0.004" />
  <testcase classname="edu.umn.csci5801.testing.GRADSTestDriver" name="testGenerateProgressSummaryMS_A" time="0.013" />
  <testcase classname="edu.umn.csci5801.testing.GRADSTestDriver" name="testGenerateProgressSummaryMS_B" time="0.009" />
  <testcase classname="edu.umn.csci5801.testing.GRADSTestDriver" name="testGenerateProgressSummaryMS_C" time="0.009" />
  <testcase classname="edu.umn.csci5801.testing.GRADSTestDriver" name="checkImpactIncorrectPermission" time="0.003" />
  <testcase classname="edu.umn.csci5801.testing.GRADSTestDriver" name="testAddNoteIncorrectPermissionsException" time="0.003" />
  <testcase classname="edu.umn.csci5801.testing.GRADSTestDriver" name="testSetUserException" time="0.002" />
  <testcase classname="edu.umn.csci5801.testing.GRADSTestDriver" name="testGetUser" time="0.002" />
  <testcase classname="edu.umn.csci5801.testing.GRADSTestDriver" name="testLoadCourses" time="0.004" />
  <testcase classname="edu.umn.csci5801.testing.GRADSTestDriver" name="testLoadRecords" time="0.003" />
  <testcase classname="edu.umn.csci5801.testing.GRADSTestDriver" name="testGenerateProgressSummaryMS_AStudentUser" time="0.01" />
  <testcase classname="edu.umn.csci5801.testing.GRADSTestDriver" name="testUpdateTranscript" time="0.015" />
  <testcase classname="edu.umn.csci5801.testing.GRADSTestDriver" name="checkSingleCourseWithNoImpact" time="0.003" />
  <testcase classname="edu.umn.csci5801.testing.GRADSTestDriver" name="testGenerateProgressSummaryMS_CStudent" time="0.008" />
  <testcase classname="edu.umn.csci5801.testing.GRADSTestDriver" name="testLoadUsersException" time="0.002" />
  <testcase classname="edu.umn.csci5801.testing.GRADSTestDriver" name="testUpdateTranscriptIncorrectPermissionsException" time="0.001" />
  <testcase classname="edu.umn.csci5801.testing.GRADSTestDriver" name="testLoadRecordsException" time="0.002" />
  <testcase classname="edu.umn.csci5801.testing.GRADSTestDriver" name="testGetStudentIDsStudent" time="0.002" />
  <testcase classname="edu.umn.csci5801.testing.GRADSTestDriver" name="testGetTranscriptIdNotFoundException" time="0.002" />
  <testcase classname="edu.umn.csci5801.testing.GRADSTestDriver" name="testGetTranscriptStudentInCorrectPermissionsException" time="0.004" />
  <testcase classname="edu.umn.csci5801.testing.GRADSTestDriver" name="testSetUser" time="0.002" />
  <testcase classname="edu.umn.csci5801.testing.GRADSTestDriver" name="checkSingleCourseImpact" time="0.002" />
  <testcase classname="edu.umn.csci5801.testing.GRADSTestDriver" name="testGetTranscriptGPC" time="0.005" />
  <testcase classname="edu.umn.csci5801.testing.GRADSTestDriver" name="checkEmptyTranscriptPHD" time="0.004" />
  <testcase classname="edu.umn.csci5801.testing.GRADSTestDriver" name="testGenerateProgressSummaryPHD" time="0.007" />
  <testcase classname="edu.umn.csci5801.testing.GRADSTestDriver" name="testLoadUsers" time="0.002" />
  <testcase classname="edu.umn.csci5801.testing.GRADSTestDriver" name="checkEmptyTranscriptMS_A" time="0.005" />
  <testcase classname="edu.umn.csci5801.testing.GRADSTestDriver" name="checkEmptyTranscriptMS_B" time="0.006" />
  <testcase classname="edu.umn.csci5801.testing.GRADSTestDriver" name="checkEmptyTranscriptMS_C" time="0.004" />
  <system-out><![CDATA[]]></system-out>
  <system-err><![CDATA[]]></system-err>
</testsuite>
